{"C:\\Users\\LENOVO\\Downloads\\FSJS25\\p2\\w3\\w2\\IP-RMT65\\server\\app.js": {"path":"C:\\Users\\LENOVO\\Downloads\\FSJS25\\p2\\w3\\w2\\IP-RMT65\\server\\app.js","statementMap":{"0":{"start":{"line":1,"column":0},"end":{"line":1,"column":27}},"1":{"start":{"line":3,"column":16},"end":{"line":3,"column":34}},"2":{"start":{"line":4,"column":12},"end":{"line":4,"column":21}},"3":{"start":{"line":5,"column":27},"end":{"line":5,"column":66}},"4":{"start":{"line":6,"column":23},"end":{"line":6,"column":62}},"5":{"start":{"line":7,"column":25},"end":{"line":7,"column":66}},"6":{"start":{"line":8,"column":25},"end":{"line":8,"column":66}},"7":{"start":{"line":9,"column":21},"end":{"line":9,"column":58}},"8":{"start":{"line":12,"column":0},"end":{"line":12,"column":48}},"9":{"start":{"line":13,"column":0},"end":{"line":13,"column":24}},"10":{"start":{"line":16,"column":0},"end":{"line":16,"column":59}},"11":{"start":{"line":18,"column":0},"end":{"line":18,"column":58}},"12":{"start":{"line":19,"column":0},"end":{"line":19,"column":65}},"13":{"start":{"line":21,"column":0},"end":{"line":21,"column":47}},"14":{"start":{"line":22,"column":0},"end":{"line":22,"column":41}},"15":{"start":{"line":24,"column":0},"end":{"line":24,"column":24}},"16":{"start":{"line":28,"column":0},"end":{"line":28,"column":47}},"17":{"start":{"line":29,"column":0},"end":{"line":29,"column":50}},"18":{"start":{"line":30,"column":0},"end":{"line":30,"column":67}},"19":{"start":{"line":31,"column":0},"end":{"line":31,"column":60}},"20":{"start":{"line":34,"column":0},"end":{"line":34,"column":20}}},"fnMap":{},"branchMap":{},"s":{"0":6,"1":6,"2":6,"3":6,"4":6,"5":6,"6":6,"7":6,"8":6,"9":6,"10":6,"11":6,"12":6,"13":6,"14":6,"15":6,"16":6,"17":6,"18":6,"19":6,"20":6},"f":{},"b":{},"_coverageSchema":"1a1c01bbd47fc00a2c39e90264f33305004495a9","hash":"eebc45d5dbc1cf8384601dca970ccc259526188d"}
,"C:\\Users\\LENOVO\\Downloads\\FSJS25\\p2\\w3\\w2\\IP-RMT65\\server\\controllers\\aiController.js": {"path":"C:\\Users\\LENOVO\\Downloads\\FSJS25\\p2\\w3\\w2\\IP-RMT65\\server\\controllers\\aiController.js","statementMap":{"0":{"start":{"line":2,"column":22},"end":{"line":2,"column":50}},"1":{"start":{"line":5,"column":4},"end":{"line":12,"column":5}},"2":{"start":{"line":6,"column":27},"end":{"line":6,"column":35}},"3":{"start":{"line":7,"column":6},"end":{"line":7,"column":95}},"4":{"start":{"line":7,"column":21},"end":{"line":7,"column":95}},"5":{"start":{"line":8,"column":25},"end":{"line":8,"column":50}},"6":{"start":{"line":9,"column":6},"end":{"line":9,"column":44}},"7":{"start":{"line":11,"column":6},"end":{"line":11,"column":93}},"8":{"start":{"line":15,"column":0},"end":{"line":15,"column":30}}},"fnMap":{"0":{"name":"(anonymous_0)","decl":{"start":{"line":4,"column":2},"end":{"line":4,"column":3}},"loc":{"start":{"line":4,"column":42},"end":{"line":13,"column":3}},"line":4}},"branchMap":{"0":{"loc":{"start":{"line":7,"column":6},"end":{"line":7,"column":95}},"type":"if","locations":[{"start":{"line":7,"column":6},"end":{"line":7,"column":95}},{"start":{},"end":{}}],"line":7}},"s":{"0":6,"1":3,"2":3,"3":3,"4":1,"5":2,"6":1,"7":1,"8":6},"f":{"0":3},"b":{"0":[1,2]},"_coverageSchema":"1a1c01bbd47fc00a2c39e90264f33305004495a9","hash":"87cb760af40c5390a838f5fdae636d08157a0fe6"}
,"C:\\Users\\LENOVO\\Downloads\\FSJS25\\p2\\w3\\w2\\IP-RMT65\\server\\controllers\\myListController.js": {"path":"C:\\Users\\LENOVO\\Downloads\\FSJS25\\p2\\w3\\w2\\IP-RMT65\\server\\controllers\\myListController.js","statementMap":{"0":{"start":{"line":1,"column":33},"end":{"line":1,"column":53}},"1":{"start":{"line":6,"column":4},"end":{"line":19,"column":5}},"2":{"start":{"line":7,"column":21},"end":{"line":7,"column":32}},"3":{"start":{"line":8,"column":21},"end":{"line":15,"column":8}},"4":{"start":{"line":16,"column":6},"end":{"line":16,"column":27}},"5":{"start":{"line":18,"column":6},"end":{"line":18,"column":85}},"6":{"start":{"line":24,"column":4},"end":{"line":42,"column":5}},"7":{"start":{"line":25,"column":21},"end":{"line":25,"column":32}},"8":{"start":{"line":26,"column":6},"end":{"line":26,"column":42}},"9":{"start":{"line":28,"column":33},"end":{"line":28,"column":41}},"10":{"start":{"line":29,"column":6},"end":{"line":29,"column":68}},"11":{"start":{"line":32,"column":21},"end":{"line":32,"column":82}},"12":{"start":{"line":33,"column":6},"end":{"line":35,"column":7}},"13":{"start":{"line":34,"column":8},"end":{"line":34,"column":80}},"14":{"start":{"line":36,"column":23},"end":{"line":36,"column":78}},"15":{"start":{"line":37,"column":6},"end":{"line":37,"column":62}},"16":{"start":{"line":39,"column":6},"end":{"line":39,"column":85}},"17":{"start":{"line":41,"column":6},"end":{"line":41,"column":85}},"18":{"start":{"line":47,"column":4},"end":{"line":57,"column":5}},"19":{"start":{"line":48,"column":21},"end":{"line":48,"column":32}},"20":{"start":{"line":49,"column":27},"end":{"line":49,"column":37}},"21":{"start":{"line":50,"column":22},"end":{"line":50,"column":83}},"22":{"start":{"line":51,"column":6},"end":{"line":53,"column":7}},"23":{"start":{"line":52,"column":8},"end":{"line":52,"column":82}},"24":{"start":{"line":54,"column":6},"end":{"line":54,"column":59}},"25":{"start":{"line":56,"column":6},"end":{"line":56,"column":85}},"26":{"start":{"line":62,"column":4},"end":{"line":75,"column":5}},"27":{"start":{"line":63,"column":21},"end":{"line":63,"column":32}},"28":{"start":{"line":64,"column":27},"end":{"line":64,"column":37}},"29":{"start":{"line":65,"column":23},"end":{"line":65,"column":31}},"30":{"start":{"line":66,"column":26},"end":{"line":66,"column":87}},"31":{"start":{"line":67,"column":6},"end":{"line":69,"column":7}},"32":{"start":{"line":68,"column":8},"end":{"line":68,"column":82}},"33":{"start":{"line":70,"column":6},"end":{"line":70,"column":30}},"34":{"start":{"line":71,"column":6},"end":{"line":71,"column":31}},"35":{"start":{"line":72,"column":6},"end":{"line":72,"column":66}},"36":{"start":{"line":74,"column":6},"end":{"line":74,"column":85}},"37":{"start":{"line":79,"column":0},"end":{"line":79,"column":34}}},"fnMap":{"0":{"name":"(anonymous_0)","decl":{"start":{"line":5,"column":2},"end":{"line":5,"column":3}},"loc":{"start":{"line":5,"column":35},"end":{"line":20,"column":3}},"line":5},"1":{"name":"(anonymous_1)","decl":{"start":{"line":23,"column":2},"end":{"line":23,"column":3}},"loc":{"start":{"line":23,"column":37},"end":{"line":43,"column":3}},"line":23},"2":{"name":"(anonymous_2)","decl":{"start":{"line":46,"column":2},"end":{"line":46,"column":3}},"loc":{"start":{"line":46,"column":42},"end":{"line":58,"column":3}},"line":46},"3":{"name":"(anonymous_3)","decl":{"start":{"line":61,"column":2},"end":{"line":61,"column":3}},"loc":{"start":{"line":61,"column":36},"end":{"line":76,"column":3}},"line":61}},"branchMap":{"0":{"loc":{"start":{"line":33,"column":6},"end":{"line":35,"column":7}},"type":"if","locations":[{"start":{"line":33,"column":6},"end":{"line":35,"column":7}},{"start":{},"end":{}}],"line":33},"1":{"loc":{"start":{"line":51,"column":6},"end":{"line":53,"column":7}},"type":"if","locations":[{"start":{"line":51,"column":6},"end":{"line":53,"column":7}},{"start":{},"end":{}}],"line":51},"2":{"loc":{"start":{"line":67,"column":6},"end":{"line":69,"column":7}},"type":"if","locations":[{"start":{"line":67,"column":6},"end":{"line":69,"column":7}},{"start":{},"end":{}}],"line":67}},"s":{"0":6,"1":2,"2":2,"3":2,"4":1,"5":1,"6":3,"7":3,"8":3,"9":3,"10":3,"11":3,"12":2,"13":1,"14":1,"15":1,"16":1,"17":1,"18":3,"19":3,"20":3,"21":3,"22":2,"23":1,"24":1,"25":1,"26":3,"27":3,"28":3,"29":3,"30":3,"31":2,"32":1,"33":1,"34":1,"35":1,"36":1,"37":6},"f":{"0":2,"1":3,"2":3,"3":3},"b":{"0":[1,1],"1":[1,1],"2":[1,1]},"_coverageSchema":"1a1c01bbd47fc00a2c39e90264f33305004495a9","hash":"d763ee616a4ea83c5716b16193ef181b5d87cb01"}
,"C:\\Users\\LENOVO\\Downloads\\FSJS25\\p2\\w3\\w2\\IP-RMT65\\server\\controllers\\recipeController.js": {"path":"C:\\Users\\LENOVO\\Downloads\\FSJS25\\p2\\w3\\w2\\IP-RMT65\\server\\controllers\\recipeController.js","statementMap":{"0":{"start":{"line":1,"column":33},"end":{"line":1,"column":53}},"1":{"start":{"line":2,"column":15},"end":{"line":2,"column":35}},"2":{"start":{"line":4,"column":0},"end":{"line":64,"column":2}},"3":{"start":{"line":7,"column":4},"end":{"line":44,"column":5}},"4":{"start":{"line":8,"column":37},"end":{"line":8,"column":46}},"5":{"start":{"line":9,"column":20},"end":{"line":15,"column":7}},"6":{"start":{"line":18,"column":6},"end":{"line":20,"column":7}},"7":{"start":{"line":19,"column":8},"end":{"line":19,"column":60}},"8":{"start":{"line":23,"column":6},"end":{"line":27,"column":7}},"9":{"start":{"line":24,"column":8},"end":{"line":24,"column":47}},"10":{"start":{"line":25,"column":13},"end":{"line":27,"column":7}},"11":{"start":{"line":26,"column":8},"end":{"line":26,"column":48}},"12":{"start":{"line":30,"column":20},"end":{"line":30,"column":22}},"13":{"start":{"line":31,"column":22},"end":{"line":31,"column":38}},"14":{"start":{"line":32,"column":21},"end":{"line":32,"column":42}},"15":{"start":{"line":34,"column":6},"end":{"line":34,"column":28}},"16":{"start":{"line":35,"column":6},"end":{"line":35,"column":30}},"17":{"start":{"line":37,"column":22},"end":{"line":37,"column":51}},"18":{"start":{"line":38,"column":6},"end":{"line":38,"column":36}},"19":{"start":{"line":40,"column":6},"end":{"line":40,"column":49}},"20":{"start":{"line":42,"column":6},"end":{"line":42,"column":65}},"21":{"start":{"line":43,"column":6},"end":{"line":43,"column":13}},"22":{"start":{"line":49,"column":22},"end":{"line":49,"column":35}},"23":{"start":{"line":50,"column":4},"end":{"line":62,"column":5}},"24":{"start":{"line":51,"column":21},"end":{"line":51,"column":53}},"25":{"start":{"line":52,"column":6},"end":{"line":55,"column":7}},"26":{"start":{"line":53,"column":8},"end":{"line":53,"column":60}},"27":{"start":{"line":54,"column":8},"end":{"line":54,"column":15}},"28":{"start":{"line":56,"column":6},"end":{"line":56,"column":35}},"29":{"start":{"line":58,"column":6},"end":{"line":58,"column":49}},"30":{"start":{"line":60,"column":6},"end":{"line":60,"column":65}},"31":{"start":{"line":61,"column":6},"end":{"line":61,"column":13}}},"fnMap":{"0":{"name":"(anonymous_0)","decl":{"start":{"line":6,"column":2},"end":{"line":6,"column":3}},"loc":{"start":{"line":6,"column":47},"end":{"line":45,"column":3}},"line":6},"1":{"name":"(anonymous_1)","decl":{"start":{"line":48,"column":2},"end":{"line":48,"column":3}},"loc":{"start":{"line":48,"column":51},"end":{"line":63,"column":3}},"line":48}},"branchMap":{"0":{"loc":{"start":{"line":18,"column":6},"end":{"line":20,"column":7}},"type":"if","locations":[{"start":{"line":18,"column":6},"end":{"line":20,"column":7}},{"start":{},"end":{}}],"line":18},"1":{"loc":{"start":{"line":23,"column":6},"end":{"line":27,"column":7}},"type":"if","locations":[{"start":{"line":23,"column":6},"end":{"line":27,"column":7}},{"start":{"line":25,"column":13},"end":{"line":27,"column":7}}],"line":23},"2":{"loc":{"start":{"line":25,"column":13},"end":{"line":27,"column":7}},"type":"if","locations":[{"start":{"line":25,"column":13},"end":{"line":27,"column":7}},{"start":{},"end":{}}],"line":25},"3":{"loc":{"start":{"line":31,"column":22},"end":{"line":31,"column":38}},"type":"cond-expr","locations":[{"start":{"line":31,"column":29},"end":{"line":31,"column":34}},{"start":{"line":31,"column":37},"end":{"line":31,"column":38}}],"line":31},"4":{"loc":{"start":{"line":52,"column":6},"end":{"line":55,"column":7}},"type":"if","locations":[{"start":{"line":52,"column":6},"end":{"line":55,"column":7}},{"start":{},"end":{}}],"line":52}},"s":{"0":6,"1":6,"2":6,"3":6,"4":6,"5":6,"6":6,"7":2,"8":6,"9":0,"10":6,"11":1,"12":6,"13":6,"14":6,"15":6,"16":6,"17":6,"18":5,"19":1,"20":1,"21":1,"22":3,"23":3,"24":3,"25":2,"26":1,"27":1,"28":1,"29":1,"30":1,"31":1},"f":{"0":6,"1":3},"b":{"0":[2,4],"1":[0,6],"2":[1,5],"3":[1,5],"4":[1,1]},"_coverageSchema":"1a1c01bbd47fc00a2c39e90264f33305004495a9","hash":"d86e5866b4dbbe0be4146627de7e96f9c6a878be"}
,"C:\\Users\\LENOVO\\Downloads\\FSJS25\\p2\\w3\\w2\\IP-RMT65\\server\\controllers\\userController.js": {"path":"C:\\Users\\LENOVO\\Downloads\\FSJS25\\p2\\w3\\w2\\IP-RMT65\\server\\controllers\\userController.js","statementMap":{"0":{"start":{"line":1,"column":28},"end":{"line":1,"column":56}},"1":{"start":{"line":2,"column":17},"end":{"line":2,"column":37}},"2":{"start":{"line":3,"column":22},"end":{"line":3,"column":47}},"3":{"start":{"line":5,"column":0},"end":{"line":67,"column":1}},"4":{"start":{"line":8,"column":8},"end":{"line":25,"column":9}},"5":{"start":{"line":9,"column":44},"end":{"line":9,"column":52}},"6":{"start":{"line":10,"column":23},"end":{"line":10,"column":66}},"7":{"start":{"line":12,"column":10},"end":{"line":16,"column":13}},"8":{"start":{"line":18,"column":10},"end":{"line":24,"column":11}},"9":{"start":{"line":19,"column":12},"end":{"line":19,"column":66}},"10":{"start":{"line":20,"column":12},"end":{"line":20,"column":19}},"11":{"start":{"line":22,"column":12},"end":{"line":22,"column":68}},"12":{"start":{"line":23,"column":12},"end":{"line":23,"column":19}},"13":{"start":{"line":30,"column":10},"end":{"line":65,"column":11}},"14":{"start":{"line":31,"column":40},"end":{"line":31,"column":48}},"15":{"start":{"line":33,"column":12},"end":{"line":35,"column":13}},"16":{"start":{"line":34,"column":14},"end":{"line":34,"column":66}},"17":{"start":{"line":37,"column":12},"end":{"line":40,"column":13}},"18":{"start":{"line":38,"column":14},"end":{"line":38,"column":69}},"19":{"start":{"line":39,"column":14},"end":{"line":39,"column":21}},"20":{"start":{"line":42,"column":25},"end":{"line":42,"column":63}},"21":{"start":{"line":43,"column":12},"end":{"line":46,"column":13}},"22":{"start":{"line":44,"column":16},"end":{"line":44,"column":73}},"23":{"start":{"line":45,"column":16},"end":{"line":45,"column":23}},"24":{"start":{"line":48,"column":36},"end":{"line":48,"column":76}},"25":{"start":{"line":49,"column":12},"end":{"line":52,"column":13}},"26":{"start":{"line":50,"column":16},"end":{"line":50,"column":73}},"27":{"start":{"line":51,"column":16},"end":{"line":51,"column":23}},"28":{"start":{"line":54,"column":33},"end":{"line":54,"column":76}},"29":{"start":{"line":55,"column":12},"end":{"line":55,"column":48}},"30":{"start":{"line":58,"column":12},"end":{"line":64,"column":11}},"31":{"start":{"line":59,"column":12},"end":{"line":59,"column":66}},"32":{"start":{"line":60,"column":12},"end":{"line":60,"column":19}},"33":{"start":{"line":62,"column":12},"end":{"line":62,"column":68}},"34":{"start":{"line":63,"column":12},"end":{"line":63,"column":19}}},"fnMap":{"0":{"name":"(anonymous_0)","decl":{"start":{"line":7,"column":6},"end":{"line":7,"column":7}},"loc":{"start":{"line":7,"column":38},"end":{"line":26,"column":7}},"line":7},"1":{"name":"(anonymous_1)","decl":{"start":{"line":29,"column":8},"end":{"line":29,"column":9}},"loc":{"start":{"line":29,"column":43},"end":{"line":66,"column":9}},"line":29}},"branchMap":{"0":{"loc":{"start":{"line":18,"column":10},"end":{"line":24,"column":11}},"type":"if","locations":[{"start":{"line":18,"column":10},"end":{"line":24,"column":11}},{"start":{"line":21,"column":17},"end":{"line":24,"column":11}}],"line":18},"1":{"loc":{"start":{"line":18,"column":14},"end":{"line":18,"column":102}},"type":"binary-expr","locations":[{"start":{"line":18,"column":14},"end":{"line":18,"column":53}},{"start":{"line":18,"column":57},"end":{"line":18,"column":102}}],"line":18},"2":{"loc":{"start":{"line":33,"column":12},"end":{"line":35,"column":13}},"type":"if","locations":[{"start":{"line":33,"column":12},"end":{"line":35,"column":13}},{"start":{},"end":{}}],"line":33},"3":{"loc":{"start":{"line":37,"column":12},"end":{"line":40,"column":13}},"type":"if","locations":[{"start":{"line":37,"column":12},"end":{"line":40,"column":13}},{"start":{},"end":{}}],"line":37},"4":{"loc":{"start":{"line":43,"column":12},"end":{"line":46,"column":13}},"type":"if","locations":[{"start":{"line":43,"column":12},"end":{"line":46,"column":13}},{"start":{},"end":{}}],"line":43},"5":{"loc":{"start":{"line":49,"column":12},"end":{"line":52,"column":13}},"type":"if","locations":[{"start":{"line":49,"column":12},"end":{"line":52,"column":13}},{"start":{},"end":{}}],"line":49},"6":{"loc":{"start":{"line":58,"column":12},"end":{"line":64,"column":11}},"type":"if","locations":[{"start":{"line":58,"column":12},"end":{"line":64,"column":11}},{"start":{"line":61,"column":17},"end":{"line":64,"column":11}}],"line":58},"7":{"loc":{"start":{"line":58,"column":16},"end":{"line":58,"column":104}},"type":"binary-expr","locations":[{"start":{"line":58,"column":16},"end":{"line":58,"column":55}},{"start":{"line":58,"column":59},"end":{"line":58,"column":104}}],"line":58}},"s":{"0":6,"1":6,"2":6,"3":6,"4":7,"5":7,"6":7,"7":1,"8":6,"9":5,"10":5,"11":1,"12":1,"13":6,"14":6,"15":6,"16":1,"17":6,"18":1,"19":1,"20":5,"21":3,"22":1,"23":1,"24":2,"25":2,"26":1,"27":1,"28":1,"29":1,"30":2,"31":0,"32":0,"33":2,"34":1},"f":{"0":7,"1":6},"b":{"0":[5,1],"1":[6,2],"2":[1,5],"3":[1,5],"4":[1,2],"5":[1,1],"6":[0,2],"7":[2,2]},"_coverageSchema":"1a1c01bbd47fc00a2c39e90264f33305004495a9","hash":"30f8a4be7f61c038c821208810ac3f4a75d9c092"}
,"C:\\Users\\LENOVO\\Downloads\\FSJS25\\p2\\w3\\w2\\IP-RMT65\\server\\helpers\\bcrypt.js": {"path":"C:\\Users\\LENOVO\\Downloads\\FSJS25\\p2\\w3\\w2\\IP-RMT65\\server\\helpers\\bcrypt.js","statementMap":{"0":{"start":{"line":1,"column":15},"end":{"line":1,"column":34}},"1":{"start":{"line":3,"column":21},"end":{"line":6,"column":1}},"2":{"start":{"line":4,"column":17},"end":{"line":4,"column":39}},"3":{"start":{"line":5,"column":4},"end":{"line":5,"column":42}},"4":{"start":{"line":8,"column":24},"end":{"line":10,"column":1}},"5":{"start":{"line":9,"column":4},"end":{"line":9,"column":55}},"6":{"start":{"line":12,"column":0},"end":{"line":15,"column":1}}},"fnMap":{"0":{"name":"(anonymous_0)","decl":{"start":{"line":3,"column":21},"end":{"line":3,"column":22}},"loc":{"start":{"line":3,"column":35},"end":{"line":6,"column":1}},"line":3},"1":{"name":"(anonymous_1)","decl":{"start":{"line":8,"column":24},"end":{"line":8,"column":25}},"loc":{"start":{"line":8,"column":54},"end":{"line":10,"column":1}},"line":8}},"branchMap":{},"s":{"0":6,"1":6,"2":6,"3":6,"4":6,"5":2,"6":6},"f":{"0":6,"1":2},"b":{},"_coverageSchema":"1a1c01bbd47fc00a2c39e90264f33305004495a9","hash":"11bdd51bed43c78d7a388f7aab6aef74eb6729e4"}
,"C:\\Users\\LENOVO\\Downloads\\FSJS25\\p2\\w3\\w2\\IP-RMT65\\server\\helpers\\gemini.js": {"path":"C:\\Users\\LENOVO\\Downloads\\FSJS25\\p2\\w3\\w2\\IP-RMT65\\server\\helpers\\gemini.js","statementMap":{"0":{"start":{"line":1,"column":14},"end":{"line":1,"column":30}},"1":{"start":{"line":4,"column":23},"end":{"line":4,"column":49}},"2":{"start":{"line":5,"column":23},"end":{"line":5,"column":109}},"3":{"start":{"line":8,"column":1},"end":{"line":25,"column":2}},"4":{"start":{"line":9,"column":19},"end":{"line":19,"column":3}},"5":{"start":{"line":21,"column":17},"end":{"line":21,"column":101}},"6":{"start":{"line":22,"column":2},"end":{"line":22,"column":16}},"7":{"start":{"line":24,"column":2},"end":{"line":24,"column":69}},"8":{"start":{"line":28,"column":0},"end":{"line":28,"column":31}}},"fnMap":{"0":{"name":"askGemini","decl":{"start":{"line":7,"column":15},"end":{"line":7,"column":24}},"loc":{"start":{"line":7,"column":35},"end":{"line":26,"column":1}},"line":7}},"branchMap":{"0":{"loc":{"start":{"line":21,"column":17},"end":{"line":21,"column":101}},"type":"binary-expr","locations":[{"start":{"line":21,"column":17},"end":{"line":21,"column":73}},{"start":{"line":21,"column":77},"end":{"line":21,"column":101}}],"line":21},"1":{"loc":{"start":{"line":24,"column":18},"end":{"line":24,"column":67}},"type":"binary-expr","locations":[{"start":{"line":24,"column":18},"end":{"line":24,"column":52}},{"start":{"line":24,"column":56},"end":{"line":24,"column":67}}],"line":24}},"s":{"0":6,"1":6,"2":6,"3":0,"4":0,"5":0,"6":0,"7":0,"8":6},"f":{"0":0},"b":{"0":[0,0],"1":[0,0]},"_coverageSchema":"1a1c01bbd47fc00a2c39e90264f33305004495a9","hash":"76f47bda55c99f525a100b716ba1863c21b78655"}
,"C:\\Users\\LENOVO\\Downloads\\FSJS25\\p2\\w3\\w2\\IP-RMT65\\server\\helpers\\jwt.js": {"path":"C:\\Users\\LENOVO\\Downloads\\FSJS25\\p2\\w3\\w2\\IP-RMT65\\server\\helpers\\jwt.js","statementMap":{"0":{"start":{"line":1,"column":12},"end":{"line":1,"column":35}},"1":{"start":{"line":3,"column":19},"end":{"line":3,"column":41}},"2":{"start":{"line":5,"column":18},"end":{"line":7,"column":1}},"3":{"start":{"line":6,"column":4},"end":{"line":6,"column":40}},"4":{"start":{"line":9,"column":20},"end":{"line":11,"column":1}},"5":{"start":{"line":10,"column":4},"end":{"line":10,"column":40}},"6":{"start":{"line":14,"column":0},"end":{"line":17,"column":1}}},"fnMap":{"0":{"name":"(anonymous_0)","decl":{"start":{"line":5,"column":18},"end":{"line":5,"column":19}},"loc":{"start":{"line":5,"column":31},"end":{"line":7,"column":1}},"line":5},"1":{"name":"(anonymous_1)","decl":{"start":{"line":9,"column":20},"end":{"line":9,"column":21}},"loc":{"start":{"line":9,"column":31},"end":{"line":11,"column":1}},"line":9}},"branchMap":{},"s":{"0":6,"1":6,"2":6,"3":3,"4":6,"5":11,"6":6},"f":{"0":3,"1":11},"b":{},"_coverageSchema":"1a1c01bbd47fc00a2c39e90264f33305004495a9","hash":"07d814d31b463a8e64974dd1669c660735b1daf3"}
,"C:\\Users\\LENOVO\\Downloads\\FSJS25\\p2\\w3\\w2\\IP-RMT65\\server\\middlewares\\authentication.js": {"path":"C:\\Users\\LENOVO\\Downloads\\FSJS25\\p2\\w3\\w2\\IP-RMT65\\server\\middlewares\\authentication.js","statementMap":{"0":{"start":{"line":1,"column":24},"end":{"line":1,"column":49}},"1":{"start":{"line":2,"column":17},"end":{"line":2,"column":37}},"2":{"start":{"line":6,"column":22},"end":{"line":6,"column":47}},"3":{"start":{"line":7,"column":2},"end":{"line":7,"column":42}},"4":{"start":{"line":8,"column":2},"end":{"line":10,"column":3}},"5":{"start":{"line":9,"column":4},"end":{"line":9,"column":60}},"6":{"start":{"line":11,"column":24},"end":{"line":11,"column":46}},"7":{"start":{"line":12,"column":2},"end":{"line":12,"column":39}},"8":{"start":{"line":15,"column":2},"end":{"line":30,"column":3}},"9":{"start":{"line":16,"column":17},"end":{"line":16,"column":35}},"10":{"start":{"line":17,"column":4},"end":{"line":17,"column":30}},"11":{"start":{"line":20,"column":17},"end":{"line":20,"column":45}},"12":{"start":{"line":21,"column":4},"end":{"line":23,"column":5}},"13":{"start":{"line":22,"column":6},"end":{"line":22,"column":62}},"14":{"start":{"line":25,"column":4},"end":{"line":25,"column":20}},"15":{"start":{"line":26,"column":4},"end":{"line":26,"column":11}},"16":{"start":{"line":28,"column":4},"end":{"line":28,"column":63}},"17":{"start":{"line":29,"column":4},"end":{"line":29,"column":11}},"18":{"start":{"line":33,"column":0},"end":{"line":33,"column":36}}},"fnMap":{"0":{"name":"authentication","decl":{"start":{"line":4,"column":15},"end":{"line":4,"column":29}},"loc":{"start":{"line":4,"column":46},"end":{"line":31,"column":1}},"line":4}},"branchMap":{"0":{"loc":{"start":{"line":8,"column":2},"end":{"line":10,"column":3}},"type":"if","locations":[{"start":{"line":8,"column":2},"end":{"line":10,"column":3}},{"start":{},"end":{}}],"line":8},"1":{"loc":{"start":{"line":21,"column":4},"end":{"line":23,"column":5}},"type":"if","locations":[{"start":{"line":21,"column":4},"end":{"line":23,"column":5}},{"start":{},"end":{}}],"line":21}},"s":{"0":6,"1":6,"2":15,"3":15,"4":15,"5":4,"6":15,"7":11,"8":11,"9":11,"10":11,"11":11,"12":11,"13":0,"14":11,"15":11,"16":0,"17":0,"18":6},"f":{"0":15},"b":{"0":[4,11],"1":[0,11]},"_coverageSchema":"1a1c01bbd47fc00a2c39e90264f33305004495a9","hash":"1925265eea551882c64e4efaecd3dbb660d5ef0b"}
,"C:\\Users\\LENOVO\\Downloads\\FSJS25\\p2\\w3\\w2\\IP-RMT65\\server\\models\\index.js": {"path":"C:\\Users\\LENOVO\\Downloads\\FSJS25\\p2\\w3\\w2\\IP-RMT65\\server\\models\\index.js","statementMap":{"0":{"start":{"line":3,"column":11},"end":{"line":3,"column":24}},"1":{"start":{"line":4,"column":13},"end":{"line":4,"column":28}},"2":{"start":{"line":5,"column":18},"end":{"line":5,"column":38}},"3":{"start":{"line":6,"column":16},"end":{"line":6,"column":34}},"4":{"start":{"line":7,"column":17},"end":{"line":7,"column":42}},"5":{"start":{"line":8,"column":12},"end":{"line":8,"column":49}},"6":{"start":{"line":9,"column":15},"end":{"line":9,"column":65}},"7":{"start":{"line":10,"column":11},"end":{"line":10,"column":13}},"8":{"start":{"line":13,"column":0},"end":{"line":17,"column":1}},"9":{"start":{"line":14,"column":2},"end":{"line":14,"column":74}},"10":{"start":{"line":16,"column":2},"end":{"line":16,"column":87}},"11":{"start":{"line":19,"column":0},"end":{"line":32,"column":5}},"12":{"start":{"line":22,"column":4},"end":{"line":27,"column":6}},"13":{"start":{"line":30,"column":18},"end":{"line":30,"column":85}},"14":{"start":{"line":31,"column":4},"end":{"line":31,"column":27}},"15":{"start":{"line":34,"column":0},"end":{"line":38,"column":3}},"16":{"start":{"line":35,"column":2},"end":{"line":37,"column":3}},"17":{"start":{"line":36,"column":4},"end":{"line":36,"column":32}},"18":{"start":{"line":40,"column":0},"end":{"line":40,"column":25}},"19":{"start":{"line":41,"column":0},"end":{"line":41,"column":25}},"20":{"start":{"line":43,"column":0},"end":{"line":43,"column":20}}},"fnMap":{"0":{"name":"(anonymous_0)","decl":{"start":{"line":21,"column":10},"end":{"line":21,"column":11}},"loc":{"start":{"line":21,"column":18},"end":{"line":28,"column":3}},"line":21},"1":{"name":"(anonymous_1)","decl":{"start":{"line":29,"column":11},"end":{"line":29,"column":12}},"loc":{"start":{"line":29,"column":19},"end":{"line":32,"column":3}},"line":29},"2":{"name":"(anonymous_2)","decl":{"start":{"line":34,"column":24},"end":{"line":34,"column":25}},"loc":{"start":{"line":34,"column":37},"end":{"line":38,"column":1}},"line":34}},"branchMap":{"0":{"loc":{"start":{"line":8,"column":12},"end":{"line":8,"column":49}},"type":"binary-expr","locations":[{"start":{"line":8,"column":12},"end":{"line":8,"column":32}},{"start":{"line":8,"column":36},"end":{"line":8,"column":49}}],"line":8},"1":{"loc":{"start":{"line":13,"column":0},"end":{"line":17,"column":1}},"type":"if","locations":[{"start":{"line":13,"column":0},"end":{"line":17,"column":1}},{"start":{"line":15,"column":7},"end":{"line":17,"column":1}}],"line":13},"2":{"loc":{"start":{"line":23,"column":6},"end":{"line":26,"column":37}},"type":"binary-expr","locations":[{"start":{"line":23,"column":6},"end":{"line":23,"column":29}},{"start":{"line":24,"column":6},"end":{"line":24,"column":23}},{"start":{"line":25,"column":6},"end":{"line":25,"column":30}},{"start":{"line":26,"column":6},"end":{"line":26,"column":37}}],"line":23},"3":{"loc":{"start":{"line":35,"column":2},"end":{"line":37,"column":3}},"type":"if","locations":[{"start":{"line":35,"column":2},"end":{"line":37,"column":3}},{"start":{},"end":{}}],"line":35}},"s":{"0":6,"1":6,"2":6,"3":6,"4":6,"5":6,"6":6,"7":6,"8":6,"9":0,"10":6,"11":6,"12":24,"13":18,"14":18,"15":6,"16":18,"17":18,"18":6,"19":6,"20":6},"f":{"0":24,"1":18,"2":18},"b":{"0":[6,0],"1":[0,6],"2":[24,24,18,18],"3":[18,0]},"_coverageSchema":"1a1c01bbd47fc00a2c39e90264f33305004495a9","hash":"ff2a51e5cc1dd0ac5296023df1b0929e978cf4d7"}
,"C:\\Users\\LENOVO\\Downloads\\FSJS25\\p2\\w3\\w2\\IP-RMT65\\server\\models\\mylist.js": {"path":"C:\\Users\\LENOVO\\Downloads\\FSJS25\\p2\\w3\\w2\\IP-RMT65\\server\\models\\mylist.js","statementMap":{"0":{"start":{"line":4,"column":4},"end":{"line":4,"column":24}},"1":{"start":{"line":5,"column":0},"end":{"line":34,"column":2}},"2":{"start":{"line":13,"column":6},"end":{"line":13,"column":61}},"3":{"start":{"line":14,"column":6},"end":{"line":14,"column":64}},"4":{"start":{"line":17,"column":2},"end":{"line":32,"column":5}},"5":{"start":{"line":33,"column":2},"end":{"line":33,"column":16}}},"fnMap":{"0":{"name":"(anonymous_0)","decl":{"start":{"line":5,"column":17},"end":{"line":5,"column":18}},"loc":{"start":{"line":5,"column":43},"end":{"line":34,"column":1}},"line":5},"1":{"name":"(anonymous_1)","decl":{"start":{"line":12,"column":4},"end":{"line":12,"column":5}},"loc":{"start":{"line":12,"column":29},"end":{"line":15,"column":5}},"line":12}},"branchMap":{},"s":{"0":6,"1":6,"2":6,"3":6,"4":6,"5":6},"f":{"0":6,"1":6},"b":{},"_coverageSchema":"1a1c01bbd47fc00a2c39e90264f33305004495a9","hash":"bc7bcb7aa517ab1e3115f028c59e1f054eb7b5e6"}
,"C:\\Users\\LENOVO\\Downloads\\FSJS25\\p2\\w3\\w2\\IP-RMT65\\server\\models\\recipe.js": {"path":"C:\\Users\\LENOVO\\Downloads\\FSJS25\\p2\\w3\\w2\\IP-RMT65\\server\\models\\recipe.js","statementMap":{"0":{"start":{"line":4,"column":4},"end":{"line":4,"column":24}},"1":{"start":{"line":5,"column":0},"end":{"line":47,"column":2}},"2":{"start":{"line":13,"column":6},"end":{"line":13,"column":91}},"3":{"start":{"line":14,"column":6},"end":{"line":14,"column":63}},"4":{"start":{"line":17,"column":2},"end":{"line":45,"column":5}},"5":{"start":{"line":46,"column":2},"end":{"line":46,"column":16}}},"fnMap":{"0":{"name":"(anonymous_0)","decl":{"start":{"line":5,"column":17},"end":{"line":5,"column":18}},"loc":{"start":{"line":5,"column":43},"end":{"line":47,"column":1}},"line":5},"1":{"name":"(anonymous_1)","decl":{"start":{"line":12,"column":4},"end":{"line":12,"column":5}},"loc":{"start":{"line":12,"column":29},"end":{"line":15,"column":5}},"line":12}},"branchMap":{},"s":{"0":6,"1":6,"2":6,"3":6,"4":6,"5":6},"f":{"0":6,"1":6},"b":{},"_coverageSchema":"1a1c01bbd47fc00a2c39e90264f33305004495a9","hash":"2717185a6b02f1c89102b55ef3e88f719337f135"}
,"C:\\Users\\LENOVO\\Downloads\\FSJS25\\p2\\w3\\w2\\IP-RMT65\\server\\models\\user.js": {"path":"C:\\Users\\LENOVO\\Downloads\\FSJS25\\p2\\w3\\w2\\IP-RMT65\\server\\models\\user.js","statementMap":{"0":{"start":{"line":4,"column":4},"end":{"line":4,"column":24}},"1":{"start":{"line":5,"column":25},"end":{"line":5,"column":53}},"2":{"start":{"line":6,"column":0},"end":{"line":55,"column":2}},"3":{"start":{"line":14,"column":6},"end":{"line":14,"column":89}},"4":{"start":{"line":15,"column":6},"end":{"line":15,"column":59}},"5":{"start":{"line":18,"column":2},"end":{"line":50,"column":5}},"6":{"start":{"line":51,"column":2},"end":{"line":53,"column":4}},"7":{"start":{"line":52,"column":4},"end":{"line":52,"column":47}},"8":{"start":{"line":54,"column":2},"end":{"line":54,"column":14}}},"fnMap":{"0":{"name":"(anonymous_0)","decl":{"start":{"line":6,"column":17},"end":{"line":6,"column":18}},"loc":{"start":{"line":6,"column":43},"end":{"line":55,"column":1}},"line":6},"1":{"name":"(anonymous_1)","decl":{"start":{"line":13,"column":4},"end":{"line":13,"column":5}},"loc":{"start":{"line":13,"column":29},"end":{"line":16,"column":5}},"line":13},"2":{"name":"(anonymous_2)","decl":{"start":{"line":51,"column":20},"end":{"line":51,"column":21}},"loc":{"start":{"line":51,"column":30},"end":{"line":53,"column":3}},"line":51}},"branchMap":{},"s":{"0":6,"1":6,"2":6,"3":6,"4":6,"5":6,"6":6,"7":6,"8":6},"f":{"0":6,"1":6,"2":6},"b":{},"_coverageSchema":"1a1c01bbd47fc00a2c39e90264f33305004495a9","hash":"400f97ecd0eb5a60549597e72d072682bc9dd27a"}
}
