TN:
SF:app.js
FNF:0
FNH:0
DA:1,10
DA:3,10
DA:4,10
DA:5,10
DA:6,10
DA:7,10
DA:8,10
DA:9,10
DA:10,10
DA:12,10
DA:14,10
DA:15,10
DA:18,10
DA:20,10
DA:22,10
DA:23,10
DA:25,10
DA:26,10
DA:28,10
DA:32,10
DA:33,10
DA:34,10
DA:35,10
DA:38,10
LF:24
LH:24
BRF:0
BRH:0
end_of_record
TN:
SF:controllers\aiController.js
FN:4,(anonymous_0)
FN:12,(anonymous_1)
FNF:2
FNH:2
FNDA:8,(anonymous_0)
FNDA:5,(anonymous_1)
DA:2,10
DA:5,8
DA:6,8
DA:7,8
DA:8,6
DA:9,3
DA:12,3
DA:13,5
DA:14,5
DA:15,5
DA:17,3
DA:18,3
DA:19,2
DA:21,1
DA:25,10
LF:15
LH:15
BRDA:7,0,0,2
BRDA:7,0,1,6
BRDA:8,1,0,3
BRDA:8,1,1,3
BRDA:8,2,0,6
BRDA:8,2,1,5
BRDA:8,2,2,4
BRDA:14,3,0,4
BRDA:14,3,1,1
BRF:9
BRH:9
end_of_record
TN:
SF:controllers\myListController.js
FN:5,(anonymous_0)
FN:23,(anonymous_1)
FN:46,(anonymous_2)
FN:61,(anonymous_3)
FNF:4
FNH:4
FNDA:2,(anonymous_0)
FNDA:3,(anonymous_1)
FNDA:3,(anonymous_2)
FNDA:3,(anonymous_3)
DA:1,10
DA:6,2
DA:7,2
DA:8,2
DA:16,1
DA:18,1
DA:24,3
DA:25,3
DA:26,3
DA:28,3
DA:29,3
DA:32,3
DA:33,2
DA:34,1
DA:36,1
DA:37,1
DA:39,1
DA:41,1
DA:47,3
DA:48,3
DA:49,3
DA:50,3
DA:51,2
DA:52,1
DA:54,1
DA:56,1
DA:62,3
DA:63,3
DA:64,3
DA:65,3
DA:66,3
DA:67,2
DA:68,1
DA:70,1
DA:71,1
DA:72,1
DA:74,1
DA:79,10
LF:38
LH:38
BRDA:33,0,0,1
BRDA:33,0,1,1
BRDA:51,1,0,1
BRDA:51,1,1,1
BRDA:67,2,0,1
BRDA:67,2,1,1
BRF:6
BRH:6
end_of_record
TN:
SF:controllers\recipeController.js
FN:6,(anonymous_0)
FN:17,(anonymous_1)
FN:59,(anonymous_2)
FNF:3
FNH:2
FNDA:0,(anonymous_0)
FNDA:6,(anonymous_1)
FNDA:3,(anonymous_2)
DA:1,10
DA:2,10
DA:4,10
DA:7,0
DA:8,0
DA:11,0
DA:13,0
DA:18,6
DA:19,6
DA:20,6
DA:29,6
DA:30,2
DA:34,6
DA:35,0
DA:36,6
DA:37,1
DA:41,6
DA:42,6
DA:43,6
DA:45,6
DA:46,6
DA:48,6
DA:49,5
DA:51,1
DA:53,1
DA:54,1
DA:60,3
DA:61,3
DA:62,3
DA:63,2
DA:64,1
DA:65,1
DA:67,1
DA:69,1
DA:71,1
DA:72,1
LF:36
LH:31
BRDA:29,0,0,2
BRDA:29,0,1,4
BRDA:34,1,0,0
BRDA:34,1,1,6
BRDA:36,2,0,1
BRDA:36,2,1,5
BRDA:42,3,0,1
BRDA:42,3,1,5
BRDA:63,4,0,1
BRDA:63,4,1,1
BRF:10
BRH:9
end_of_record
TN:
SF:controllers\userController.js
FN:7,(anonymous_0)
FN:29,(anonymous_1)
FNF:2
FNH:2
FNDA:7,(anonymous_0)
FNDA:6,(anonymous_1)
DA:1,10
DA:2,10
DA:3,10
DA:5,10
DA:8,7
DA:9,7
DA:10,7
DA:12,1
DA:18,6
DA:19,5
DA:20,5
DA:22,1
DA:23,1
DA:30,6
DA:31,6
DA:33,6
DA:34,1
DA:37,6
DA:38,1
DA:39,1
DA:42,5
DA:43,3
DA:44,1
DA:45,1
DA:48,2
DA:49,2
DA:50,1
DA:51,1
DA:54,1
DA:55,1
DA:58,2
DA:59,0
DA:60,0
DA:62,2
DA:63,1
LF:35
LH:33
BRDA:18,0,0,5
BRDA:18,0,1,1
BRDA:18,1,0,6
BRDA:18,1,1,2
BRDA:33,2,0,1
BRDA:33,2,1,5
BRDA:37,3,0,1
BRDA:37,3,1,5
BRDA:43,4,0,1
BRDA:43,4,1,2
BRDA:49,5,0,1
BRDA:49,5,1,1
BRDA:58,6,0,0
BRDA:58,6,1,2
BRDA:58,7,0,2
BRDA:58,7,1,2
BRF:16
BRH:15
end_of_record
TN:
SF:helpers\bcrypt.js
FN:3,(anonymous_0)
FN:8,(anonymous_1)
FNF:2
FNH:2
FNDA:6,(anonymous_0)
FNDA:2,(anonymous_1)
DA:1,10
DA:3,10
DA:4,6
DA:5,6
DA:8,10
DA:9,2
DA:12,10
LF:7
LH:7
BRF:0
BRH:0
end_of_record
TN:
SF:helpers\gemini.js
FN:7,askGemini
FNF:1
FNH:0
FNDA:0,askGemini
DA:1,10
DA:4,10
DA:5,10
DA:8,0
DA:9,0
DA:24,0
DA:25,0
DA:27,0
DA:28,0
DA:32,10
LF:10
LH:4
BRDA:24,0,0,0
BRDA:24,0,1,0
BRDA:27,1,0,0
BRDA:27,1,1,0
BRDA:28,2,0,0
BRDA:28,2,1,0
BRF:6
BRH:0
end_of_record
TN:
SF:helpers\jwt.js
FN:5,(anonymous_0)
FN:9,(anonymous_1)
FNF:2
FNH:2
FNDA:3,(anonymous_0)
FNDA:11,(anonymous_1)
DA:1,10
DA:3,10
DA:5,10
DA:6,3
DA:9,10
DA:10,11
DA:14,10
LF:7
LH:7
BRF:0
BRH:0
end_of_record
TN:
SF:middlewares\authentication.js
FN:4,authentication
FNF:1
FNH:1
FNDA:15,authentication
DA:1,10
DA:2,10
DA:6,15
DA:7,15
DA:8,15
DA:9,4
DA:11,15
DA:12,11
DA:15,11
DA:16,11
DA:17,11
DA:20,11
DA:21,11
DA:22,0
DA:25,11
DA:26,11
DA:28,0
DA:29,0
DA:33,10
LF:19
LH:16
BRDA:8,0,0,4
BRDA:8,0,1,11
BRDA:21,1,0,0
BRDA:21,1,1,11
BRF:4
BRH:3
end_of_record
TN:
SF:models\index.js
FN:21,(anonymous_0)
FN:29,(anonymous_1)
FN:34,(anonymous_2)
FNF:3
FNH:3
FNDA:40,(anonymous_0)
FNDA:30,(anonymous_1)
FNDA:30,(anonymous_2)
DA:3,10
DA:4,10
DA:5,10
DA:6,10
DA:7,10
DA:8,10
DA:9,10
DA:10,10
DA:13,10
DA:14,0
DA:16,10
DA:19,10
DA:22,40
DA:30,30
DA:31,30
DA:34,10
DA:35,30
DA:36,30
DA:40,10
DA:41,10
DA:43,10
LF:21
LH:20
BRDA:8,0,0,10
BRDA:8,0,1,0
BRDA:13,1,0,0
BRDA:13,1,1,10
BRDA:23,2,0,40
BRDA:23,2,1,40
BRDA:23,2,2,30
BRDA:23,2,3,30
BRDA:35,3,0,30
BRDA:35,3,1,0
BRF:10
BRH:7
end_of_record
TN:
SF:models\mylist.js
FN:5,(anonymous_0)
FN:12,(anonymous_1)
FNF:2
FNH:2
FNDA:10,(anonymous_0)
FNDA:10,(anonymous_1)
DA:4,10
DA:5,10
DA:13,10
DA:14,10
DA:17,10
DA:33,10
LF:6
LH:6
BRF:0
BRH:0
end_of_record
TN:
SF:models\recipe.js
FN:5,(anonymous_0)
FN:12,(anonymous_1)
FNF:2
FNH:2
FNDA:10,(anonymous_0)
FNDA:10,(anonymous_1)
DA:4,10
DA:5,10
DA:13,10
DA:14,10
DA:17,10
DA:46,10
LF:6
LH:6
BRF:0
BRH:0
end_of_record
TN:
SF:models\user.js
FN:6,(anonymous_0)
FN:13,(anonymous_1)
FN:51,(anonymous_2)
FNF:3
FNH:3
FNDA:10,(anonymous_0)
FNDA:10,(anonymous_1)
FNDA:6,(anonymous_2)
DA:4,10
DA:5,10
DA:6,10
DA:14,10
DA:15,10
DA:18,10
DA:51,10
DA:52,6
DA:54,10
LF:9
LH:9
BRF:0
BRH:0
end_of_record
