TN:
SF:app.js
FNF:0
FNH:0
DA:1,6
DA:3,6
DA:4,6
DA:5,6
DA:6,6
DA:7,6
DA:8,6
DA:9,6
DA:12,6
DA:13,6
DA:16,6
DA:18,6
DA:19,6
DA:21,6
DA:22,6
DA:24,6
DA:28,6
DA:29,6
DA:30,6
DA:31,6
DA:34,6
LF:21
LH:21
BRF:0
BRH:0
end_of_record
TN:
SF:controllers\aiController.js
FN:4,(anonymous_0)
FNF:1
FNH:1
FNDA:3,(anonymous_0)
DA:2,6
DA:5,3
DA:6,3
DA:7,3
DA:8,2
DA:9,1
DA:11,1
DA:15,6
LF:8
LH:8
BRDA:7,0,0,1
BRDA:7,0,1,2
BRF:2
BRH:2
end_of_record
TN:
SF:controllers\myListController.js
FN:5,(anonymous_0)
FN:23,(anonymous_1)
FN:46,(anonymous_2)
FN:61,(anonymous_3)
FNF:4
FNH:4
FNDA:2,(anonymous_0)
FNDA:3,(anonymous_1)
FNDA:3,(anonymous_2)
FNDA:3,(anonymous_3)
DA:1,6
DA:6,2
DA:7,2
DA:8,2
DA:16,1
DA:18,1
DA:24,3
DA:25,3
DA:26,3
DA:28,3
DA:29,3
DA:32,3
DA:33,2
DA:34,1
DA:36,1
DA:37,1
DA:39,1
DA:41,1
DA:47,3
DA:48,3
DA:49,3
DA:50,3
DA:51,2
DA:52,1
DA:54,1
DA:56,1
DA:62,3
DA:63,3
DA:64,3
DA:65,3
DA:66,3
DA:67,2
DA:68,1
DA:70,1
DA:71,1
DA:72,1
DA:74,1
DA:79,6
LF:38
LH:38
BRDA:33,0,0,1
BRDA:33,0,1,1
BRDA:51,1,0,1
BRDA:51,1,1,1
BRDA:67,2,0,1
BRDA:67,2,1,1
BRF:6
BRH:6
end_of_record
TN:
SF:controllers\recipeController.js
FN:6,(anonymous_0)
FN:48,(anonymous_1)
FNF:2
FNH:2
FNDA:6,(anonymous_0)
FNDA:3,(anonymous_1)
DA:1,6
DA:2,6
DA:4,6
DA:7,6
DA:8,6
DA:9,6
DA:18,6
DA:19,2
DA:23,6
DA:24,0
DA:25,6
DA:26,1
DA:30,6
DA:31,6
DA:32,6
DA:34,6
DA:35,6
DA:37,6
DA:38,5
DA:40,1
DA:42,1
DA:43,1
DA:49,3
DA:50,3
DA:51,3
DA:52,2
DA:53,1
DA:54,1
DA:56,1
DA:58,1
DA:60,1
DA:61,1
LF:32
LH:31
BRDA:18,0,0,2
BRDA:18,0,1,4
BRDA:23,1,0,0
BRDA:23,1,1,6
BRDA:25,2,0,1
BRDA:25,2,1,5
BRDA:31,3,0,1
BRDA:31,3,1,5
BRDA:52,4,0,1
BRDA:52,4,1,1
BRF:10
BRH:9
end_of_record
TN:
SF:controllers\userController.js
FN:7,(anonymous_0)
FN:29,(anonymous_1)
FNF:2
FNH:2
FNDA:7,(anonymous_0)
FNDA:6,(anonymous_1)
DA:1,6
DA:2,6
DA:3,6
DA:5,6
DA:8,7
DA:9,7
DA:10,7
DA:12,1
DA:18,6
DA:19,5
DA:20,5
DA:22,1
DA:23,1
DA:30,6
DA:31,6
DA:33,6
DA:34,1
DA:37,6
DA:38,1
DA:39,1
DA:42,5
DA:43,3
DA:44,1
DA:45,1
DA:48,2
DA:49,2
DA:50,1
DA:51,1
DA:54,1
DA:55,1
DA:58,2
DA:59,0
DA:60,0
DA:62,2
DA:63,1
LF:35
LH:33
BRDA:18,0,0,5
BRDA:18,0,1,1
BRDA:18,1,0,6
BRDA:18,1,1,2
BRDA:33,2,0,1
BRDA:33,2,1,5
BRDA:37,3,0,1
BRDA:37,3,1,5
BRDA:43,4,0,1
BRDA:43,4,1,2
BRDA:49,5,0,1
BRDA:49,5,1,1
BRDA:58,6,0,0
BRDA:58,6,1,2
BRDA:58,7,0,2
BRDA:58,7,1,2
BRF:16
BRH:15
end_of_record
TN:
SF:helpers\bcrypt.js
FN:3,(anonymous_0)
FN:8,(anonymous_1)
FNF:2
FNH:2
FNDA:6,(anonymous_0)
FNDA:2,(anonymous_1)
DA:1,6
DA:3,6
DA:4,6
DA:5,6
DA:8,6
DA:9,2
DA:12,6
LF:7
LH:7
BRF:0
BRH:0
end_of_record
TN:
SF:helpers\gemini.js
FN:7,askGemini
FNF:1
FNH:0
FNDA:0,askGemini
DA:1,6
DA:4,6
DA:5,6
DA:8,0
DA:9,0
DA:21,0
DA:22,0
DA:24,0
DA:28,6
LF:9
LH:4
BRDA:21,0,0,0
BRDA:21,0,1,0
BRDA:24,1,0,0
BRDA:24,1,1,0
BRF:4
BRH:0
end_of_record
TN:
SF:helpers\jwt.js
FN:5,(anonymous_0)
FN:9,(anonymous_1)
FNF:2
FNH:2
FNDA:3,(anonymous_0)
FNDA:11,(anonymous_1)
DA:1,6
DA:3,6
DA:5,6
DA:6,3
DA:9,6
DA:10,11
DA:14,6
LF:7
LH:7
BRF:0
BRH:0
end_of_record
TN:
SF:middlewares\authentication.js
FN:4,authentication
FNF:1
FNH:1
FNDA:15,authentication
DA:1,6
DA:2,6
DA:6,15
DA:7,15
DA:8,15
DA:9,4
DA:11,15
DA:12,11
DA:15,11
DA:16,11
DA:17,11
DA:20,11
DA:21,11
DA:22,0
DA:25,11
DA:26,11
DA:28,0
DA:29,0
DA:33,6
LF:19
LH:16
BRDA:8,0,0,4
BRDA:8,0,1,11
BRDA:21,1,0,0
BRDA:21,1,1,11
BRF:4
BRH:3
end_of_record
TN:
SF:models\index.js
FN:21,(anonymous_0)
FN:29,(anonymous_1)
FN:34,(anonymous_2)
FNF:3
FNH:3
FNDA:24,(anonymous_0)
FNDA:18,(anonymous_1)
FNDA:18,(anonymous_2)
DA:3,6
DA:4,6
DA:5,6
DA:6,6
DA:7,6
DA:8,6
DA:9,6
DA:10,6
DA:13,6
DA:14,0
DA:16,6
DA:19,6
DA:22,24
DA:30,18
DA:31,18
DA:34,6
DA:35,18
DA:36,18
DA:40,6
DA:41,6
DA:43,6
LF:21
LH:20
BRDA:8,0,0,6
BRDA:8,0,1,0
BRDA:13,1,0,0
BRDA:13,1,1,6
BRDA:23,2,0,24
BRDA:23,2,1,24
BRDA:23,2,2,18
BRDA:23,2,3,18
BRDA:35,3,0,18
BRDA:35,3,1,0
BRF:10
BRH:7
end_of_record
TN:
SF:models\mylist.js
FN:5,(anonymous_0)
FN:12,(anonymous_1)
FNF:2
FNH:2
FNDA:6,(anonymous_0)
FNDA:6,(anonymous_1)
DA:4,6
DA:5,6
DA:13,6
DA:14,6
DA:17,6
DA:33,6
LF:6
LH:6
BRF:0
BRH:0
end_of_record
TN:
SF:models\recipe.js
FN:5,(anonymous_0)
FN:12,(anonymous_1)
FNF:2
FNH:2
FNDA:6,(anonymous_0)
FNDA:6,(anonymous_1)
DA:4,6
DA:5,6
DA:13,6
DA:14,6
DA:17,6
DA:46,6
LF:6
LH:6
BRF:0
BRH:0
end_of_record
TN:
SF:models\user.js
FN:6,(anonymous_0)
FN:13,(anonymous_1)
FN:51,(anonymous_2)
FNF:3
FNH:3
FNDA:6,(anonymous_0)
FNDA:6,(anonymous_1)
FNDA:6,(anonymous_2)
DA:4,6
DA:5,6
DA:6,6
DA:14,6
DA:15,6
DA:18,6
DA:51,6
DA:52,6
DA:54,6
LF:9
LH:9
BRF:0
BRH:0
end_of_record
